mode: set
github.com/freedommmoto/test_simplebank/db/sqlc/random.go:11.13,13.2 1 1
github.com/freedommmoto/test_simplebank/db/sqlc/random.go:15.38,17.2 1 0
github.com/freedommmoto/test_simplebank/db/sqlc/random.go:19.33,22.25 3 0
github.com/freedommmoto/test_simplebank/db/sqlc/random.go:27.2,27.20 1 0
github.com/freedommmoto/test_simplebank/db/sqlc/random.go:22.25,25.3 2 0
github.com/freedommmoto/test_simplebank/db/sqlc/random.go:30.27,32.2 1 0
github.com/freedommmoto/test_simplebank/db/sqlc/random.go:34.26,36.2 1 0
github.com/freedommmoto/test_simplebank/db/sqlc/random.go:38.30,42.2 3 0
github.com/freedommmoto/test_simplebank/db/sqlc/transaction.sql.go:23.108,34.2 4 0
github.com/freedommmoto/test_simplebank/db/sqlc/transaction.sql.go:42.87,53.2 4 0
github.com/freedommmoto/test_simplebank/db/sqlc/transaction.sql.go:61.101,72.2 4 0
github.com/freedommmoto/test_simplebank/db/sqlc/transaction.sql.go:80.115,91.2 4 0
github.com/freedommmoto/test_simplebank/db/sqlc/transaction.sql.go:99.111,110.2 4 0
github.com/freedommmoto/test_simplebank/db/sqlc/transaction.sql.go:124.108,126.16 2 0
github.com/freedommmoto/test_simplebank/db/sqlc/transaction.sql.go:129.2,131.18 3 0
github.com/freedommmoto/test_simplebank/db/sqlc/transaction.sql.go:144.2,144.37 1 0
github.com/freedommmoto/test_simplebank/db/sqlc/transaction.sql.go:147.2,147.35 1 0
github.com/freedommmoto/test_simplebank/db/sqlc/transaction.sql.go:150.2,150.19 1 0
github.com/freedommmoto/test_simplebank/db/sqlc/transaction.sql.go:126.16,128.3 1 0
github.com/freedommmoto/test_simplebank/db/sqlc/transaction.sql.go:131.18,139.17 2 0
github.com/freedommmoto/test_simplebank/db/sqlc/transaction.sql.go:142.3,142.27 1 0
github.com/freedommmoto/test_simplebank/db/sqlc/transaction.sql.go:139.17,141.4 1 0
github.com/freedommmoto/test_simplebank/db/sqlc/transaction.sql.go:144.37,146.3 1 0
github.com/freedommmoto/test_simplebank/db/sqlc/transaction.sql.go:147.35,149.3 1 0
github.com/freedommmoto/test_simplebank/main.go:19.18,22.16 3 0
github.com/freedommmoto/test_simplebank/main.go:26.2,27.16 2 0
github.com/freedommmoto/test_simplebank/main.go:31.2,31.28 1 0
github.com/freedommmoto/test_simplebank/main.go:22.16,24.3 1 0
github.com/freedommmoto/test_simplebank/main.go:27.16,29.3 1 0
github.com/freedommmoto/test_simplebank/main.go:34.54,46.16 5 0
github.com/freedommmoto/test_simplebank/main.go:49.2,49.50 1 0
github.com/freedommmoto/test_simplebank/main.go:46.16,48.3 1 0
github.com/freedommmoto/test_simplebank/main.go:49.50,51.3 1 0
github.com/freedommmoto/test_simplebank/main.go:54.56,56.40 1 0
github.com/freedommmoto/test_simplebank/main.go:56.40,57.29 1 0
github.com/freedommmoto/test_simplebank/main.go:57.29,59.4 1 0
github.com/freedommmoto/test_simplebank/main.go:71.13,75.16 3 0
github.com/freedommmoto/test_simplebank/main.go:79.2,80.16 2 0
github.com/freedommmoto/test_simplebank/main.go:83.2,87.16 4 0
github.com/freedommmoto/test_simplebank/main.go:75.16,77.3 1 0
github.com/freedommmoto/test_simplebank/main.go:80.16,82.3 1 0
github.com/freedommmoto/test_simplebank/main.go:87.16,89.3 1 0
github.com/freedommmoto/test_simplebank/tool/random.go:11.13,13.2 1 1
github.com/freedommmoto/test_simplebank/tool/random.go:15.38,17.2 1 1
github.com/freedommmoto/test_simplebank/tool/random.go:19.33,22.25 3 1
github.com/freedommmoto/test_simplebank/tool/random.go:27.2,27.20 1 1
github.com/freedommmoto/test_simplebank/tool/random.go:22.25,25.3 2 1
github.com/freedommmoto/test_simplebank/tool/random.go:30.27,32.2 1 1
github.com/freedommmoto/test_simplebank/tool/random.go:34.26,36.2 1 1
github.com/freedommmoto/test_simplebank/tool/random.go:38.30,42.2 3 1
github.com/freedommmoto/test_simplebank/db/sqlc/customer_account.sql.go:23.106,34.2 4 1
github.com/freedommmoto/test_simplebank/db/sqlc/customer_account.sql.go:42.71,45.2 2 1
github.com/freedommmoto/test_simplebank/db/sqlc/customer_account.sql.go:53.87,64.2 4 1
github.com/freedommmoto/test_simplebank/db/sqlc/customer_account.sql.go:78.104,80.16 2 1
github.com/freedommmoto/test_simplebank/db/sqlc/customer_account.sql.go:83.2,85.18 3 1
github.com/freedommmoto/test_simplebank/db/sqlc/customer_account.sql.go:98.2,98.37 1 1
github.com/freedommmoto/test_simplebank/db/sqlc/customer_account.sql.go:101.2,101.35 1 1
github.com/freedommmoto/test_simplebank/db/sqlc/customer_account.sql.go:104.2,104.19 1 1
github.com/freedommmoto/test_simplebank/db/sqlc/customer_account.sql.go:80.16,82.3 1 0
github.com/freedommmoto/test_simplebank/db/sqlc/customer_account.sql.go:85.18,93.17 2 1
github.com/freedommmoto/test_simplebank/db/sqlc/customer_account.sql.go:96.3,96.27 1 1
github.com/freedommmoto/test_simplebank/db/sqlc/customer_account.sql.go:93.17,95.4 1 0
github.com/freedommmoto/test_simplebank/db/sqlc/customer_account.sql.go:98.37,100.3 1 0
github.com/freedommmoto/test_simplebank/db/sqlc/customer_account.sql.go:101.35,103.3 1 0
github.com/freedommmoto/test_simplebank/db/sqlc/customer_account.sql.go:118.106,129.2 4 1
github.com/freedommmoto/test_simplebank/db/sqlc/customer_account.sql.go:142.122,153.2 4 0
github.com/freedommmoto/test_simplebank/db/sqlc/db.go:19.28,21.2 1 1
github.com/freedommmoto/test_simplebank/db/sqlc/db.go:27.47,31.2 1 0
github.com/freedommmoto/test_simplebank/db/sqlc/entries.sql.go:22.94,32.2 4 1
github.com/freedommmoto/test_simplebank/db/sqlc/entries.sql.go:40.77,50.2 4 1
github.com/freedommmoto/test_simplebank/db/sqlc/entries.sql.go:58.99,60.16 2 1
github.com/freedommmoto/test_simplebank/db/sqlc/entries.sql.go:63.2,65.18 3 1
github.com/freedommmoto/test_simplebank/db/sqlc/entries.sql.go:77.2,77.37 1 1
github.com/freedommmoto/test_simplebank/db/sqlc/entries.sql.go:80.2,80.35 1 1
github.com/freedommmoto/test_simplebank/db/sqlc/entries.sql.go:83.2,83.19 1 1
github.com/freedommmoto/test_simplebank/db/sqlc/entries.sql.go:60.16,62.3 1 0
github.com/freedommmoto/test_simplebank/db/sqlc/entries.sql.go:65.18,72.17 2 1
github.com/freedommmoto/test_simplebank/db/sqlc/entries.sql.go:75.3,75.27 1 1
github.com/freedommmoto/test_simplebank/db/sqlc/entries.sql.go:72.17,74.4 1 0
github.com/freedommmoto/test_simplebank/db/sqlc/entries.sql.go:77.37,79.3 1 0
github.com/freedommmoto/test_simplebank/db/sqlc/entries.sql.go:80.35,82.3 1 0
github.com/freedommmoto/test_simplebank/api/customer.go:23.61,25.49 2 0
github.com/freedommmoto/test_simplebank/api/customer.go:30.2,37.16 3 0
github.com/freedommmoto/test_simplebank/api/customer.go:42.2,42.35 1 0
github.com/freedommmoto/test_simplebank/api/customer.go:25.49,28.3 2 0
github.com/freedommmoto/test_simplebank/api/customer.go:37.16,40.3 2 0
github.com/freedommmoto/test_simplebank/api/customer.go:45.58,47.48 2 0
github.com/freedommmoto/test_simplebank/api/customer.go:52.2,53.16 2 0
github.com/freedommmoto/test_simplebank/api/customer.go:57.2,57.35 1 0
github.com/freedommmoto/test_simplebank/api/customer.go:47.48,50.3 2 0
github.com/freedommmoto/test_simplebank/api/customer.go:53.16,56.3 2 0
github.com/freedommmoto/test_simplebank/api/customer.go:60.54,62.50 2 0
github.com/freedommmoto/test_simplebank/api/customer.go:66.2,72.16 3 0
github.com/freedommmoto/test_simplebank/api/customer.go:77.2,77.39 1 0
github.com/freedommmoto/test_simplebank/api/customer.go:62.50,65.3 2 0
github.com/freedommmoto/test_simplebank/api/customer.go:72.16,74.3 1 0
github.com/freedommmoto/test_simplebank/api/customer.go:80.38,82.2 1 0
github.com/freedommmoto/test_simplebank/api/server.go:13.43,23.2 7 0
github.com/freedommmoto/test_simplebank/api/server.go:25.51,27.2 1 0
github.com/freedommmoto/test_simplebank/tool/config.go:22.63,30.16 6 1
github.com/freedommmoto/test_simplebank/tool/config.go:34.2,35.16 2 1
github.com/freedommmoto/test_simplebank/tool/config.go:38.2,38.8 1 1
github.com/freedommmoto/test_simplebank/tool/config.go:30.16,32.3 1 0
github.com/freedommmoto/test_simplebank/tool/config.go:35.16,37.3 1 0
